<?xml version="1.0" encoding="UTF-8"?>
<!-- Generated by org.testng.reporters.JUnitReportReporter -->
<testsuite skipped="0" hostname="LAPTOP-7LJGM0EB" name="pkg1.SignUpByJunit" tests="1" failures="0" timestamp="2021-07-07T21:43:34 IST" time="5.636" errors="0">
  <testcase name="insertInfo" time="5.636" classname="pkg1.SignUpByJunit"/>
  <system-out/>
</testsuite> <!-- pkg1.SignUpByJunit -->
