<?xml version="1.0" encoding="UTF-8"?>
<!-- Generated by org.testng.reporters.JUnitReportReporter -->
<testsuite hostname="LAPTOP-7LJGM0EB" name="pkg1.YoutubeLoginTestNG1" tests="1" failures="0" timestamp="7 Jul 2021 14:48:05 GMT" time="17.346" errors="0">
  <testcase name="trendingClick" time="17.346" classname="pkg1.YoutubeLoginTestNG1"/>
</testsuite> <!-- pkg1.YoutubeLoginTestNG1 -->
