<?xml version="1.0" encoding="UTF-8"?>
<!-- Generated by org.testng.reporters.JUnitReportReporter -->
<testsuite skipped="0" hostname="LAPTOP-7LJGM0EB" name="pkg1.Youtubelogin" tests="1" failures="0" timestamp="2021-07-07T22:42:03 IST" time="7.839" errors="0">
  <testcase name="v2" time="7.839" classname="pkg1.Youtubelogin"/>
  <system-out/>
</testsuite> <!-- pkg1.Youtubelogin -->
